2025-01-21 21:02:08 [31merror[39m: uncaughtException: Cannot find module './src/routes/index.routes'
Require stack:
- /Users/mac/Projects/ReactJs/cyber_event_app/server/index.js
Error: Cannot find module './src/routes/index.routes'
Require stack:
- /Users/mac/Projects/ReactJs/cyber_event_app/server/index.js
    at Module._resolveFilename (node:internal/modules/cjs/loader:1090:15)
    at Module._load (node:internal/modules/cjs/loader:934:27)
    at Module.require (node:internal/modules/cjs/loader:1157:19)
    at require (node:internal/modules/helpers:119:18)
    at Object.<anonymous> (/Users/mac/Projects/ReactJs/cyber_event_app/server/index.js:30:9)
    at Module._compile (node:internal/modules/cjs/loader:1275:14)
    at Module._extensions..js (node:internal/modules/cjs/loader:1329:10)
    at Module.load (node:internal/modules/cjs/loader:1133:32)
    at Module._load (node:internal/modules/cjs/loader:972:12)
    at Function.executeUserEntryPoint [as runMain] (node:internal/modules/run_main:83:12)
2025-01-21 21:14:06 [31merror[39m: uncaughtException: Cannot find module '../models/user.model'
Require stack:
- /Users/mac/Projects/ReactJs/cyber_event_app/server/src/middlewares/validate-token.js
- /Users/mac/Projects/ReactJs/cyber_event_app/server/src/routes/index.routes.js
- /Users/mac/Projects/ReactJs/cyber_event_app/server/index.js
Error: Cannot find module '../models/user.model'
Require stack:
- /Users/mac/Projects/ReactJs/cyber_event_app/server/src/middlewares/validate-token.js
- /Users/mac/Projects/ReactJs/cyber_event_app/server/src/routes/index.routes.js
- /Users/mac/Projects/ReactJs/cyber_event_app/server/index.js
    at Module._resolveFilename (node:internal/modules/cjs/loader:1090:15)
    at Module._load (node:internal/modules/cjs/loader:934:27)
    at Module.require (node:internal/modules/cjs/loader:1157:19)
    at require (node:internal/modules/helpers:119:18)
    at Object.<anonymous> (/Users/mac/Projects/ReactJs/cyber_event_app/server/src/middlewares/validate-token.js:3:14)
    at Module._compile (node:internal/modules/cjs/loader:1275:14)
    at Module._extensions..js (node:internal/modules/cjs/loader:1329:10)
    at Module.load (node:internal/modules/cjs/loader:1133:32)
    at Module._load (node:internal/modules/cjs/loader:972:12)
    at Module.require (node:internal/modules/cjs/loader:1157:19)
2025-01-21 21:14:36 [31merror[39m: uncaughtException: Cannot find module './auth.routes'
Require stack:
- /Users/mac/Projects/ReactJs/cyber_event_app/server/src/routes/index.routes.js
- /Users/mac/Projects/ReactJs/cyber_event_app/server/index.js
Error: Cannot find module './auth.routes'
Require stack:
- /Users/mac/Projects/ReactJs/cyber_event_app/server/src/routes/index.routes.js
- /Users/mac/Projects/ReactJs/cyber_event_app/server/index.js
    at Module._resolveFilename (node:internal/modules/cjs/loader:1090:15)
    at Module._load (node:internal/modules/cjs/loader:934:27)
    at Module.require (node:internal/modules/cjs/loader:1157:19)
    at require (node:internal/modules/helpers:119:18)
    at Object.<anonymous> (/Users/mac/Projects/ReactJs/cyber_event_app/server/src/routes/index.routes.js:13:35)
    at Module._compile (node:internal/modules/cjs/loader:1275:14)
    at Module._extensions..js (node:internal/modules/cjs/loader:1329:10)
    at Module.load (node:internal/modules/cjs/loader:1133:32)
    at Module._load (node:internal/modules/cjs/loader:972:12)
    at Module.require (node:internal/modules/cjs/loader:1157:19)
2025-01-21 21:14:38 [31merror[39m: uncaughtException: Cannot find module './auth.routes'
Require stack:
- /Users/mac/Projects/ReactJs/cyber_event_app/server/src/routes/index.routes.js
- /Users/mac/Projects/ReactJs/cyber_event_app/server/index.js
Error: Cannot find module './auth.routes'
Require stack:
- /Users/mac/Projects/ReactJs/cyber_event_app/server/src/routes/index.routes.js
- /Users/mac/Projects/ReactJs/cyber_event_app/server/index.js
    at Module._resolveFilename (node:internal/modules/cjs/loader:1090:15)
    at Module._load (node:internal/modules/cjs/loader:934:27)
    at Module.require (node:internal/modules/cjs/loader:1157:19)
    at require (node:internal/modules/helpers:119:18)
    at Object.<anonymous> (/Users/mac/Projects/ReactJs/cyber_event_app/server/src/routes/index.routes.js:13:35)
    at Module._compile (node:internal/modules/cjs/loader:1275:14)
    at Module._extensions..js (node:internal/modules/cjs/loader:1329:10)
    at Module.load (node:internal/modules/cjs/loader:1133:32)
    at Module._load (node:internal/modules/cjs/loader:972:12)
    at Module.require (node:internal/modules/cjs/loader:1157:19)
2025-01-21 21:15:08 [31merror[39m: uncaughtException: Cannot find module '../../config/multer'
Require stack:
- /Users/mac/Projects/ReactJs/cyber_event_app/server/src/routes/auth.routes.js
- /Users/mac/Projects/ReactJs/cyber_event_app/server/src/routes/index.routes.js
- /Users/mac/Projects/ReactJs/cyber_event_app/server/index.js
Error: Cannot find module '../../config/multer'
Require stack:
- /Users/mac/Projects/ReactJs/cyber_event_app/server/src/routes/auth.routes.js
- /Users/mac/Projects/ReactJs/cyber_event_app/server/src/routes/index.routes.js
- /Users/mac/Projects/ReactJs/cyber_event_app/server/index.js
    at Module._resolveFilename (node:internal/modules/cjs/loader:1090:15)
    at Module._load (node:internal/modules/cjs/loader:934:27)
    at Module.require (node:internal/modules/cjs/loader:1157:19)
    at require (node:internal/modules/helpers:119:18)
    at Object.<anonymous> (/Users/mac/Projects/ReactJs/cyber_event_app/server/src/routes/auth.routes.js:1:16)
    at Module._compile (node:internal/modules/cjs/loader:1275:14)
    at Module._extensions..js (node:internal/modules/cjs/loader:1329:10)
    at Module.load (node:internal/modules/cjs/loader:1133:32)
    at Module._load (node:internal/modules/cjs/loader:972:12)
    at Module.require (node:internal/modules/cjs/loader:1157:19)
2025-01-21 21:15:26 [31merror[39m: uncaughtException: Cannot find module '../models/user-subscriptions.model'
Require stack:
- /Users/mac/Projects/ReactJs/cyber_event_app/server/src/controllers/auth.controller.js
- /Users/mac/Projects/ReactJs/cyber_event_app/server/src/routes/auth.routes.js
- /Users/mac/Projects/ReactJs/cyber_event_app/server/src/routes/index.routes.js
- /Users/mac/Projects/ReactJs/cyber_event_app/server/index.js
Error: Cannot find module '../models/user-subscriptions.model'
Require stack:
- /Users/mac/Projects/ReactJs/cyber_event_app/server/src/controllers/auth.controller.js
- /Users/mac/Projects/ReactJs/cyber_event_app/server/src/routes/auth.routes.js
- /Users/mac/Projects/ReactJs/cyber_event_app/server/src/routes/index.routes.js
- /Users/mac/Projects/ReactJs/cyber_event_app/server/index.js
    at Module._resolveFilename (node:internal/modules/cjs/loader:1090:15)
    at Module._load (node:internal/modules/cjs/loader:934:27)
    at Module.require (node:internal/modules/cjs/loader:1157:19)
    at require (node:internal/modules/helpers:119:18)
    at Object.<anonymous> (/Users/mac/Projects/ReactJs/cyber_event_app/server/src/controllers/auth.controller.js:8:26)
    at Module._compile (node:internal/modules/cjs/loader:1275:14)
    at Module._extensions..js (node:internal/modules/cjs/loader:1329:10)
    at Module.load (node:internal/modules/cjs/loader:1133:32)
    at Module._load (node:internal/modules/cjs/loader:972:12)
    at Module.require (node:internal/modules/cjs/loader:1157:19)
2025-01-21 21:15:31 [31merror[39m: uncaughtException: Cannot find module '../models/user-subscriptions.model'
Require stack:
- /Users/mac/Projects/ReactJs/cyber_event_app/server/src/controllers/auth.controller.js
- /Users/mac/Projects/ReactJs/cyber_event_app/server/src/routes/auth.routes.js
- /Users/mac/Projects/ReactJs/cyber_event_app/server/src/routes/index.routes.js
- /Users/mac/Projects/ReactJs/cyber_event_app/server/index.js
Error: Cannot find module '../models/user-subscriptions.model'
Require stack:
- /Users/mac/Projects/ReactJs/cyber_event_app/server/src/controllers/auth.controller.js
- /Users/mac/Projects/ReactJs/cyber_event_app/server/src/routes/auth.routes.js
- /Users/mac/Projects/ReactJs/cyber_event_app/server/src/routes/index.routes.js
- /Users/mac/Projects/ReactJs/cyber_event_app/server/index.js
    at Module._resolveFilename (node:internal/modules/cjs/loader:1090:15)
    at Module._load (node:internal/modules/cjs/loader:934:27)
    at Module.require (node:internal/modules/cjs/loader:1157:19)
    at require (node:internal/modules/helpers:119:18)
    at Object.<anonymous> (/Users/mac/Projects/ReactJs/cyber_event_app/server/src/controllers/auth.controller.js:8:26)
    at Module._compile (node:internal/modules/cjs/loader:1275:14)
    at Module._extensions..js (node:internal/modules/cjs/loader:1329:10)
    at Module.load (node:internal/modules/cjs/loader:1133:32)
    at Module._load (node:internal/modules/cjs/loader:972:12)
    at Module.require (node:internal/modules/cjs/loader:1157:19)
2025-01-21 21:15:52 [31merror[39m: uncaughtException: Cannot find module '../models/user-subscriptions.model'
Require stack:
- /Users/mac/Projects/ReactJs/cyber_event_app/server/src/controllers/auth.controller.js
- /Users/mac/Projects/ReactJs/cyber_event_app/server/src/routes/auth.routes.js
- /Users/mac/Projects/ReactJs/cyber_event_app/server/src/routes/index.routes.js
- /Users/mac/Projects/ReactJs/cyber_event_app/server/index.js
Error: Cannot find module '../models/user-subscriptions.model'
Require stack:
- /Users/mac/Projects/ReactJs/cyber_event_app/server/src/controllers/auth.controller.js
- /Users/mac/Projects/ReactJs/cyber_event_app/server/src/routes/auth.routes.js
- /Users/mac/Projects/ReactJs/cyber_event_app/server/src/routes/index.routes.js
- /Users/mac/Projects/ReactJs/cyber_event_app/server/index.js
    at Module._resolveFilename (node:internal/modules/cjs/loader:1090:15)
    at Module._load (node:internal/modules/cjs/loader:934:27)
    at Module.require (node:internal/modules/cjs/loader:1157:19)
    at require (node:internal/modules/helpers:119:18)
    at Object.<anonymous> (/Users/mac/Projects/ReactJs/cyber_event_app/server/src/controllers/auth.controller.js:8:26)
    at Module._compile (node:internal/modules/cjs/loader:1275:14)
    at Module._extensions..js (node:internal/modules/cjs/loader:1329:10)
    at Module.load (node:internal/modules/cjs/loader:1133:32)
    at Module._load (node:internal/modules/cjs/loader:972:12)
    at Module.require (node:internal/modules/cjs/loader:1157:19)
2025-01-21 21:16:26 [31merror[39m: uncaughtException: Cannot find module '../models/user-subscriptions.model'
Require stack:
- /Users/mac/Projects/ReactJs/cyber_event_app/server/src/controllers/auth.controller.js
- /Users/mac/Projects/ReactJs/cyber_event_app/server/src/routes/auth.routes.js
- /Users/mac/Projects/ReactJs/cyber_event_app/server/src/routes/index.routes.js
- /Users/mac/Projects/ReactJs/cyber_event_app/server/index.js
Error: Cannot find module '../models/user-subscriptions.model'
Require stack:
- /Users/mac/Projects/ReactJs/cyber_event_app/server/src/controllers/auth.controller.js
- /Users/mac/Projects/ReactJs/cyber_event_app/server/src/routes/auth.routes.js
- /Users/mac/Projects/ReactJs/cyber_event_app/server/src/routes/index.routes.js
- /Users/mac/Projects/ReactJs/cyber_event_app/server/index.js
    at Module._resolveFilename (node:internal/modules/cjs/loader:1090:15)
    at Module._load (node:internal/modules/cjs/loader:934:27)
    at Module.require (node:internal/modules/cjs/loader:1157:19)
    at require (node:internal/modules/helpers:119:18)
    at Object.<anonymous> (/Users/mac/Projects/ReactJs/cyber_event_app/server/src/controllers/auth.controller.js:8:26)
    at Module._compile (node:internal/modules/cjs/loader:1275:14)
    at Module._extensions..js (node:internal/modules/cjs/loader:1329:10)
    at Module.load (node:internal/modules/cjs/loader:1133:32)
    at Module._load (node:internal/modules/cjs/loader:972:12)
    at Module.require (node:internal/modules/cjs/loader:1157:19)
2025-01-21 21:17:32 [31merror[39m: uncaughtException: Cannot find module '../models/user-subscriptions.model'
Require stack:
- /Users/mac/Projects/ReactJs/cyber_event_app/server/src/controllers/auth.controller.js
- /Users/mac/Projects/ReactJs/cyber_event_app/server/src/routes/auth.routes.js
- /Users/mac/Projects/ReactJs/cyber_event_app/server/src/routes/index.routes.js
- /Users/mac/Projects/ReactJs/cyber_event_app/server/index.js
Error: Cannot find module '../models/user-subscriptions.model'
Require stack:
- /Users/mac/Projects/ReactJs/cyber_event_app/server/src/controllers/auth.controller.js
- /Users/mac/Projects/ReactJs/cyber_event_app/server/src/routes/auth.routes.js
- /Users/mac/Projects/ReactJs/cyber_event_app/server/src/routes/index.routes.js
- /Users/mac/Projects/ReactJs/cyber_event_app/server/index.js
    at Module._resolveFilename (node:internal/modules/cjs/loader:1090:15)
    at Module._load (node:internal/modules/cjs/loader:934:27)
    at Module.require (node:internal/modules/cjs/loader:1157:19)
    at require (node:internal/modules/helpers:119:18)
    at Object.<anonymous> (/Users/mac/Projects/ReactJs/cyber_event_app/server/src/controllers/auth.controller.js:8:26)
    at Module._compile (node:internal/modules/cjs/loader:1275:14)
    at Module._extensions..js (node:internal/modules/cjs/loader:1329:10)
    at Module.load (node:internal/modules/cjs/loader:1133:32)
    at Module._load (node:internal/modules/cjs/loader:972:12)
    at Module.require (node:internal/modules/cjs/loader:1157:19)
2025-01-21 21:17:40 [31merror[39m: uncaughtException: Cannot find module '../models/user-subscriptions.model'
Require stack:
- /Users/mac/Projects/ReactJs/cyber_event_app/server/src/controllers/auth.controller.js
- /Users/mac/Projects/ReactJs/cyber_event_app/server/src/routes/auth.routes.js
- /Users/mac/Projects/ReactJs/cyber_event_app/server/src/routes/index.routes.js
- /Users/mac/Projects/ReactJs/cyber_event_app/server/index.js
Error: Cannot find module '../models/user-subscriptions.model'
Require stack:
- /Users/mac/Projects/ReactJs/cyber_event_app/server/src/controllers/auth.controller.js
- /Users/mac/Projects/ReactJs/cyber_event_app/server/src/routes/auth.routes.js
- /Users/mac/Projects/ReactJs/cyber_event_app/server/src/routes/index.routes.js
- /Users/mac/Projects/ReactJs/cyber_event_app/server/index.js
    at Module._resolveFilename (node:internal/modules/cjs/loader:1090:15)
    at Module._load (node:internal/modules/cjs/loader:934:27)
    at Module.require (node:internal/modules/cjs/loader:1157:19)
    at require (node:internal/modules/helpers:119:18)
    at Object.<anonymous> (/Users/mac/Projects/ReactJs/cyber_event_app/server/src/controllers/auth.controller.js:8:26)
    at Module._compile (node:internal/modules/cjs/loader:1275:14)
    at Module._extensions..js (node:internal/modules/cjs/loader:1329:10)
    at Module.load (node:internal/modules/cjs/loader:1133:32)
    at Module._load (node:internal/modules/cjs/loader:972:12)
    at Module.require (node:internal/modules/cjs/loader:1157:19)
2025-01-21 21:17:52 [31merror[39m: uncaughtException: Cannot find module '../models/roles.model'
Require stack:
- /Users/mac/Projects/ReactJs/cyber_event_app/server/src/controllers/auth.controller.js
- /Users/mac/Projects/ReactJs/cyber_event_app/server/src/routes/auth.routes.js
- /Users/mac/Projects/ReactJs/cyber_event_app/server/src/routes/index.routes.js
- /Users/mac/Projects/ReactJs/cyber_event_app/server/index.js
Error: Cannot find module '../models/roles.model'
Require stack:
- /Users/mac/Projects/ReactJs/cyber_event_app/server/src/controllers/auth.controller.js
- /Users/mac/Projects/ReactJs/cyber_event_app/server/src/routes/auth.routes.js
- /Users/mac/Projects/ReactJs/cyber_event_app/server/src/routes/index.routes.js
- /Users/mac/Projects/ReactJs/cyber_event_app/server/index.js
    at Module._resolveFilename (node:internal/modules/cjs/loader:1090:15)
    at Module._load (node:internal/modules/cjs/loader:934:27)
    at Module.require (node:internal/modules/cjs/loader:1157:19)
    at require (node:internal/modules/helpers:119:18)
    at Object.<anonymous> (/Users/mac/Projects/ReactJs/cyber_event_app/server/src/controllers/auth.controller.js:8:15)
    at Module._compile (node:internal/modules/cjs/loader:1275:14)
    at Module._extensions..js (node:internal/modules/cjs/loader:1329:10)
    at Module.load (node:internal/modules/cjs/loader:1133:32)
    at Module._load (node:internal/modules/cjs/loader:972:12)
    at Module.require (node:internal/modules/cjs/loader:1157:19)
2025-01-21 21:18:52 [31merror[39m: uncaughtException: Cannot find module '../models/roles.model'
Require stack:
- /Users/mac/Projects/ReactJs/cyber_event_app/server/src/controllers/auth.controller.js
- /Users/mac/Projects/ReactJs/cyber_event_app/server/src/routes/auth.routes.js
- /Users/mac/Projects/ReactJs/cyber_event_app/server/src/routes/index.routes.js
- /Users/mac/Projects/ReactJs/cyber_event_app/server/index.js
Error: Cannot find module '../models/roles.model'
Require stack:
- /Users/mac/Projects/ReactJs/cyber_event_app/server/src/controllers/auth.controller.js
- /Users/mac/Projects/ReactJs/cyber_event_app/server/src/routes/auth.routes.js
- /Users/mac/Projects/ReactJs/cyber_event_app/server/src/routes/index.routes.js
- /Users/mac/Projects/ReactJs/cyber_event_app/server/index.js
    at Module._resolveFilename (node:internal/modules/cjs/loader:1090:15)
    at Module._load (node:internal/modules/cjs/loader:934:27)
    at Module.require (node:internal/modules/cjs/loader:1157:19)
    at require (node:internal/modules/helpers:119:18)
    at Object.<anonymous> (/Users/mac/Projects/ReactJs/cyber_event_app/server/src/controllers/auth.controller.js:8:15)
    at Module._compile (node:internal/modules/cjs/loader:1275:14)
    at Module._extensions..js (node:internal/modules/cjs/loader:1329:10)
    at Module.load (node:internal/modules/cjs/loader:1133:32)
    at Module._load (node:internal/modules/cjs/loader:972:12)
    at Module.require (node:internal/modules/cjs/loader:1157:19)
2025-01-21 21:19:25 [31merror[39m: uncaughtException: Cannot find module '../models/roles.model'
Require stack:
- /Users/mac/Projects/ReactJs/cyber_event_app/server/src/controllers/auth.controller.js
- /Users/mac/Projects/ReactJs/cyber_event_app/server/src/routes/auth.routes.js
- /Users/mac/Projects/ReactJs/cyber_event_app/server/src/routes/index.routes.js
- /Users/mac/Projects/ReactJs/cyber_event_app/server/index.js
Error: Cannot find module '../models/roles.model'
Require stack:
- /Users/mac/Projects/ReactJs/cyber_event_app/server/src/controllers/auth.controller.js
- /Users/mac/Projects/ReactJs/cyber_event_app/server/src/routes/auth.routes.js
- /Users/mac/Projects/ReactJs/cyber_event_app/server/src/routes/index.routes.js
- /Users/mac/Projects/ReactJs/cyber_event_app/server/index.js
    at Module._resolveFilename (node:internal/modules/cjs/loader:1090:15)
    at Module._load (node:internal/modules/cjs/loader:934:27)
    at Module.require (node:internal/modules/cjs/loader:1157:19)
    at require (node:internal/modules/helpers:119:18)
    at Object.<anonymous> (/Users/mac/Projects/ReactJs/cyber_event_app/server/src/controllers/auth.controller.js:8:15)
    at Module._compile (node:internal/modules/cjs/loader:1275:14)
    at Module._extensions..js (node:internal/modules/cjs/loader:1329:10)
    at Module.load (node:internal/modules/cjs/loader:1133:32)
    at Module._load (node:internal/modules/cjs/loader:972:12)
    at Module.require (node:internal/modules/cjs/loader:1157:19)
2025-01-21 21:20:01 [31merror[39m: uncaughtException: Cannot find module 'mongo-sanitize'
Require stack:
- /Users/mac/Projects/ReactJs/cyber_event_app/server/src/utilities/functions.js
- /Users/mac/Projects/ReactJs/cyber_event_app/server/src/controllers/auth.controller.js
- /Users/mac/Projects/ReactJs/cyber_event_app/server/src/routes/auth.routes.js
- /Users/mac/Projects/ReactJs/cyber_event_app/server/src/routes/index.routes.js
- /Users/mac/Projects/ReactJs/cyber_event_app/server/index.js
Error: Cannot find module 'mongo-sanitize'
Require stack:
- /Users/mac/Projects/ReactJs/cyber_event_app/server/src/utilities/functions.js
- /Users/mac/Projects/ReactJs/cyber_event_app/server/src/controllers/auth.controller.js
- /Users/mac/Projects/ReactJs/cyber_event_app/server/src/routes/auth.routes.js
- /Users/mac/Projects/ReactJs/cyber_event_app/server/src/routes/index.routes.js
- /Users/mac/Projects/ReactJs/cyber_event_app/server/index.js
    at Module._resolveFilename (node:internal/modules/cjs/loader:1090:15)
    at Module._load (node:internal/modules/cjs/loader:934:27)
    at Module.require (node:internal/modules/cjs/loader:1157:19)
    at require (node:internal/modules/helpers:119:18)
    at Object.<anonymous> (/Users/mac/Projects/ReactJs/cyber_event_app/server/src/utilities/functions.js:1:18)
    at Module._compile (node:internal/modules/cjs/loader:1275:14)
    at Module._extensions..js (node:internal/modules/cjs/loader:1329:10)
    at Module.load (node:internal/modules/cjs/loader:1133:32)
    at Module._load (node:internal/modules/cjs/loader:972:12)
    at Module.require (node:internal/modules/cjs/loader:1157:19)
2025-01-21 21:20:33 [31merror[39m: uncaughtException: Cannot find module './constants'
Require stack:
- /Users/mac/Projects/ReactJs/cyber_event_app/server/src/utilities/functions.js
- /Users/mac/Projects/ReactJs/cyber_event_app/server/src/controllers/auth.controller.js
- /Users/mac/Projects/ReactJs/cyber_event_app/server/src/routes/auth.routes.js
- /Users/mac/Projects/ReactJs/cyber_event_app/server/src/routes/index.routes.js
- /Users/mac/Projects/ReactJs/cyber_event_app/server/index.js
Error: Cannot find module './constants'
Require stack:
- /Users/mac/Projects/ReactJs/cyber_event_app/server/src/utilities/functions.js
- /Users/mac/Projects/ReactJs/cyber_event_app/server/src/controllers/auth.controller.js
- /Users/mac/Projects/ReactJs/cyber_event_app/server/src/routes/auth.routes.js
- /Users/mac/Projects/ReactJs/cyber_event_app/server/src/routes/index.routes.js
- /Users/mac/Projects/ReactJs/cyber_event_app/server/index.js
    at Module._resolveFilename (node:internal/modules/cjs/loader:1090:15)
    at Module._load (node:internal/modules/cjs/loader:934:27)
    at Module.require (node:internal/modules/cjs/loader:1157:19)
    at require (node:internal/modules/helpers:119:18)
    at Object.<anonymous> (/Users/mac/Projects/ReactJs/cyber_event_app/server/src/utilities/functions.js:5:29)
    at Module._compile (node:internal/modules/cjs/loader:1275:14)
    at Module._extensions..js (node:internal/modules/cjs/loader:1329:10)
    at Module.load (node:internal/modules/cjs/loader:1133:32)
    at Module._load (node:internal/modules/cjs/loader:972:12)
    at Module.require (node:internal/modules/cjs/loader:1157:19)
2025-01-21 21:20:58 [31merror[39m: uncaughtException: Cannot find module '../models/products.model'
Require stack:
- /Users/mac/Projects/ReactJs/cyber_event_app/server/src/controllers/auth.controller.js
- /Users/mac/Projects/ReactJs/cyber_event_app/server/src/routes/auth.routes.js
- /Users/mac/Projects/ReactJs/cyber_event_app/server/src/routes/index.routes.js
- /Users/mac/Projects/ReactJs/cyber_event_app/server/index.js
Error: Cannot find module '../models/products.model'
Require stack:
- /Users/mac/Projects/ReactJs/cyber_event_app/server/src/controllers/auth.controller.js
- /Users/mac/Projects/ReactJs/cyber_event_app/server/src/routes/auth.routes.js
- /Users/mac/Projects/ReactJs/cyber_event_app/server/src/routes/index.routes.js
- /Users/mac/Projects/ReactJs/cyber_event_app/server/index.js
    at Module._resolveFilename (node:internal/modules/cjs/loader:1090:15)
    at Module._load (node:internal/modules/cjs/loader:934:27)
    at Module.require (node:internal/modules/cjs/loader:1157:19)
    at require (node:internal/modules/helpers:119:18)
    at Object.<anonymous> (/Users/mac/Projects/ReactJs/cyber_event_app/server/src/controllers/auth.controller.js:18:17)
    at Module._compile (node:internal/modules/cjs/loader:1275:14)
    at Module._extensions..js (node:internal/modules/cjs/loader:1329:10)
    at Module.load (node:internal/modules/cjs/loader:1133:32)
    at Module._load (node:internal/modules/cjs/loader:972:12)
    at Module.require (node:internal/modules/cjs/loader:1157:19)
2025-01-21 21:22:42 [31merror[39m: uncaughtException: Cannot find module '../models/products.model'
Require stack:
- /Users/mac/Projects/ReactJs/cyber_event_app/server/src/controllers/auth.controller.js
- /Users/mac/Projects/ReactJs/cyber_event_app/server/src/routes/auth.routes.js
- /Users/mac/Projects/ReactJs/cyber_event_app/server/src/routes/index.routes.js
- /Users/mac/Projects/ReactJs/cyber_event_app/server/index.js
Error: Cannot find module '../models/products.model'
Require stack:
- /Users/mac/Projects/ReactJs/cyber_event_app/server/src/controllers/auth.controller.js
- /Users/mac/Projects/ReactJs/cyber_event_app/server/src/routes/auth.routes.js
- /Users/mac/Projects/ReactJs/cyber_event_app/server/src/routes/index.routes.js
- /Users/mac/Projects/ReactJs/cyber_event_app/server/index.js
    at Module._resolveFilename (node:internal/modules/cjs/loader:1090:15)
    at Module._load (node:internal/modules/cjs/loader:934:27)
    at Module.require (node:internal/modules/cjs/loader:1157:19)
    at require (node:internal/modules/helpers:119:18)
    at Object.<anonymous> (/Users/mac/Projects/ReactJs/cyber_event_app/server/src/controllers/auth.controller.js:18:17)
    at Module._compile (node:internal/modules/cjs/loader:1275:14)
    at Module._extensions..js (node:internal/modules/cjs/loader:1329:10)
    at Module.load (node:internal/modules/cjs/loader:1133:32)
    at Module._load (node:internal/modules/cjs/loader:972:12)
    at Module.require (node:internal/modules/cjs/loader:1157:19)
2025-01-21 21:23:06 [31merror[39m: uncaughtException: Cannot find module './extras.routes'
Require stack:
- /Users/mac/Projects/ReactJs/cyber_event_app/server/src/routes/index.routes.js
- /Users/mac/Projects/ReactJs/cyber_event_app/server/index.js
Error: Cannot find module './extras.routes'
Require stack:
- /Users/mac/Projects/ReactJs/cyber_event_app/server/src/routes/index.routes.js
- /Users/mac/Projects/ReactJs/cyber_event_app/server/index.js
    at Module._resolveFilename (node:internal/modules/cjs/loader:1090:15)
    at Module._load (node:internal/modules/cjs/loader:934:27)
    at Module.require (node:internal/modules/cjs/loader:1157:19)
    at require (node:internal/modules/helpers:119:18)
    at Object.<anonymous> (/Users/mac/Projects/ReactJs/cyber_event_app/server/src/routes/index.routes.js:8:27)
    at Module._compile (node:internal/modules/cjs/loader:1275:14)
    at Module._extensions..js (node:internal/modules/cjs/loader:1329:10)
    at Module.load (node:internal/modules/cjs/loader:1133:32)
    at Module._load (node:internal/modules/cjs/loader:972:12)
    at Module.require (node:internal/modules/cjs/loader:1157:19)
2025-01-21 21:23:35 [31merror[39m: uncaughtException: Cannot find module './extras.routes'
Require stack:
- /Users/mac/Projects/ReactJs/cyber_event_app/server/src/routes/index.routes.js
- /Users/mac/Projects/ReactJs/cyber_event_app/server/index.js
Error: Cannot find module './extras.routes'
Require stack:
- /Users/mac/Projects/ReactJs/cyber_event_app/server/src/routes/index.routes.js
- /Users/mac/Projects/ReactJs/cyber_event_app/server/index.js
    at Module._resolveFilename (node:internal/modules/cjs/loader:1090:15)
    at Module._load (node:internal/modules/cjs/loader:934:27)
    at Module.require (node:internal/modules/cjs/loader:1157:19)
    at require (node:internal/modules/helpers:119:18)
    at Object.<anonymous> (/Users/mac/Projects/ReactJs/cyber_event_app/server/src/routes/index.routes.js:8:27)
    at Module._compile (node:internal/modules/cjs/loader:1275:14)
    at Module._extensions..js (node:internal/modules/cjs/loader:1329:10)
    at Module.load (node:internal/modules/cjs/loader:1133:32)
    at Module._load (node:internal/modules/cjs/loader:972:12)
    at Module.require (node:internal/modules/cjs/loader:1157:19)
2025-01-21 21:24:02 [31merror[39m: uncaughtException: Cannot find module '../../config/multer'
Require stack:
- /Users/mac/Projects/ReactJs/cyber_event_app/server/src/routes/user.routes.js
- /Users/mac/Projects/ReactJs/cyber_event_app/server/src/routes/protected.routes.js
- /Users/mac/Projects/ReactJs/cyber_event_app/server/src/routes/index.routes.js
- /Users/mac/Projects/ReactJs/cyber_event_app/server/index.js
Error: Cannot find module '../../config/multer'
Require stack:
- /Users/mac/Projects/ReactJs/cyber_event_app/server/src/routes/user.routes.js
- /Users/mac/Projects/ReactJs/cyber_event_app/server/src/routes/protected.routes.js
- /Users/mac/Projects/ReactJs/cyber_event_app/server/src/routes/index.routes.js
- /Users/mac/Projects/ReactJs/cyber_event_app/server/index.js
    at Module._resolveFilename (node:internal/modules/cjs/loader:1090:15)
    at Module._load (node:internal/modules/cjs/loader:934:27)
    at Module.require (node:internal/modules/cjs/loader:1157:19)
    at require (node:internal/modules/helpers:119:18)
    at Object.<anonymous> (/Users/mac/Projects/ReactJs/cyber_event_app/server/src/routes/user.routes.js:1:16)
    at Module._compile (node:internal/modules/cjs/loader:1275:14)
    at Module._extensions..js (node:internal/modules/cjs/loader:1329:10)
    at Module.load (node:internal/modules/cjs/loader:1133:32)
    at Module._load (node:internal/modules/cjs/loader:972:12)
    at Module.require (node:internal/modules/cjs/loader:1157:19)
2025-01-21 21:24:59 [31merror[39m: uncaughtException: Cannot find module '../utilities/file-extensions'
Require stack:
- /Users/mac/Projects/ReactJs/cyber_event_app/server/src/controllers/user.controller.js
- /Users/mac/Projects/ReactJs/cyber_event_app/server/src/routes/user.routes.js
- /Users/mac/Projects/ReactJs/cyber_event_app/server/src/routes/protected.routes.js
- /Users/mac/Projects/ReactJs/cyber_event_app/server/src/routes/index.routes.js
- /Users/mac/Projects/ReactJs/cyber_event_app/server/index.js
Error: Cannot find module '../utilities/file-extensions'
Require stack:
- /Users/mac/Projects/ReactJs/cyber_event_app/server/src/controllers/user.controller.js
- /Users/mac/Projects/ReactJs/cyber_event_app/server/src/routes/user.routes.js
- /Users/mac/Projects/ReactJs/cyber_event_app/server/src/routes/protected.routes.js
- /Users/mac/Projects/ReactJs/cyber_event_app/server/src/routes/index.routes.js
- /Users/mac/Projects/ReactJs/cyber_event_app/server/index.js
    at Module._resolveFilename (node:internal/modules/cjs/loader:1090:15)
    at Module._load (node:internal/modules/cjs/loader:934:27)
    at Module.require (node:internal/modules/cjs/loader:1157:19)
    at require (node:internal/modules/helpers:119:18)
    at Object.<anonymous> (/Users/mac/Projects/ReactJs/cyber_event_app/server/src/controllers/user.controller.js:6:29)
    at Module._compile (node:internal/modules/cjs/loader:1275:14)
    at Module._extensions..js (node:internal/modules/cjs/loader:1329:10)
    at Module.load (node:internal/modules/cjs/loader:1133:32)
    at Module._load (node:internal/modules/cjs/loader:972:12)
    at Module.require (node:internal/modules/cjs/loader:1157:19)
2025-01-21 21:25:35 [31merror[39m: uncaughtException: Cannot find module '../models/roles.model'
Require stack:
- /Users/mac/Projects/ReactJs/cyber_event_app/server/src/controllers/user.controller.js
- /Users/mac/Projects/ReactJs/cyber_event_app/server/src/routes/user.routes.js
- /Users/mac/Projects/ReactJs/cyber_event_app/server/src/routes/protected.routes.js
- /Users/mac/Projects/ReactJs/cyber_event_app/server/src/routes/index.routes.js
- /Users/mac/Projects/ReactJs/cyber_event_app/server/index.js
Error: Cannot find module '../models/roles.model'
Require stack:
- /Users/mac/Projects/ReactJs/cyber_event_app/server/src/controllers/user.controller.js
- /Users/mac/Projects/ReactJs/cyber_event_app/server/src/routes/user.routes.js
- /Users/mac/Projects/ReactJs/cyber_event_app/server/src/routes/protected.routes.js
- /Users/mac/Projects/ReactJs/cyber_event_app/server/src/routes/index.routes.js
- /Users/mac/Projects/ReactJs/cyber_event_app/server/index.js
    at Module._resolveFilename (node:internal/modules/cjs/loader:1090:15)
    at Module._load (node:internal/modules/cjs/loader:934:27)
    at Module.require (node:internal/modules/cjs/loader:1157:19)
    at require (node:internal/modules/helpers:119:18)
    at Object.<anonymous> (/Users/mac/Projects/ReactJs/cyber_event_app/server/src/controllers/user.controller.js:7:15)
    at Module._compile (node:internal/modules/cjs/loader:1275:14)
    at Module._extensions..js (node:internal/modules/cjs/loader:1329:10)
    at Module.load (node:internal/modules/cjs/loader:1133:32)
    at Module._load (node:internal/modules/cjs/loader:972:12)
    at Module.require (node:internal/modules/cjs/loader:1157:19)
2025-01-21 21:25:41 [31merror[39m: uncaughtException: Cannot find module '../models/roles.model'
Require stack:
- /Users/mac/Projects/ReactJs/cyber_event_app/server/src/controllers/user.controller.js
- /Users/mac/Projects/ReactJs/cyber_event_app/server/src/routes/user.routes.js
- /Users/mac/Projects/ReactJs/cyber_event_app/server/src/routes/protected.routes.js
- /Users/mac/Projects/ReactJs/cyber_event_app/server/src/routes/index.routes.js
- /Users/mac/Projects/ReactJs/cyber_event_app/server/index.js
Error: Cannot find module '../models/roles.model'
Require stack:
- /Users/mac/Projects/ReactJs/cyber_event_app/server/src/controllers/user.controller.js
- /Users/mac/Projects/ReactJs/cyber_event_app/server/src/routes/user.routes.js
- /Users/mac/Projects/ReactJs/cyber_event_app/server/src/routes/protected.routes.js
- /Users/mac/Projects/ReactJs/cyber_event_app/server/src/routes/index.routes.js
- /Users/mac/Projects/ReactJs/cyber_event_app/server/index.js
    at Module._resolveFilename (node:internal/modules/cjs/loader:1090:15)
    at Module._load (node:internal/modules/cjs/loader:934:27)
    at Module.require (node:internal/modules/cjs/loader:1157:19)
    at require (node:internal/modules/helpers:119:18)
    at Object.<anonymous> (/Users/mac/Projects/ReactJs/cyber_event_app/server/src/controllers/user.controller.js:7:15)
    at Module._compile (node:internal/modules/cjs/loader:1275:14)
    at Module._extensions..js (node:internal/modules/cjs/loader:1329:10)
    at Module.load (node:internal/modules/cjs/loader:1133:32)
    at Module._load (node:internal/modules/cjs/loader:972:12)
    at Module.require (node:internal/modules/cjs/loader:1157:19)
2025-01-21 21:26:12 [31merror[39m: uncaughtException: Cannot find module '../models/roles.model'
Require stack:
- /Users/mac/Projects/ReactJs/cyber_event_app/server/src/controllers/user.controller.js
- /Users/mac/Projects/ReactJs/cyber_event_app/server/src/routes/user.routes.js
- /Users/mac/Projects/ReactJs/cyber_event_app/server/src/routes/protected.routes.js
- /Users/mac/Projects/ReactJs/cyber_event_app/server/src/routes/index.routes.js
- /Users/mac/Projects/ReactJs/cyber_event_app/server/index.js
Error: Cannot find module '../models/roles.model'
Require stack:
- /Users/mac/Projects/ReactJs/cyber_event_app/server/src/controllers/user.controller.js
- /Users/mac/Projects/ReactJs/cyber_event_app/server/src/routes/user.routes.js
- /Users/mac/Projects/ReactJs/cyber_event_app/server/src/routes/protected.routes.js
- /Users/mac/Projects/ReactJs/cyber_event_app/server/src/routes/index.routes.js
- /Users/mac/Projects/ReactJs/cyber_event_app/server/index.js
    at Module._resolveFilename (node:internal/modules/cjs/loader:1090:15)
    at Module._load (node:internal/modules/cjs/loader:934:27)
    at Module.require (node:internal/modules/cjs/loader:1157:19)
    at require (node:internal/modules/helpers:119:18)
    at Object.<anonymous> (/Users/mac/Projects/ReactJs/cyber_event_app/server/src/controllers/user.controller.js:7:15)
    at Module._compile (node:internal/modules/cjs/loader:1275:14)
    at Module._extensions..js (node:internal/modules/cjs/loader:1329:10)
    at Module.load (node:internal/modules/cjs/loader:1133:32)
    at Module._load (node:internal/modules/cjs/loader:972:12)
    at Module.require (node:internal/modules/cjs/loader:1157:19)
2025-01-21 21:26:26 [31merror[39m: uncaughtException: Cannot find module '../models/roles.model'
Require stack:
- /Users/mac/Projects/ReactJs/cyber_event_app/server/src/controllers/user.controller.js
- /Users/mac/Projects/ReactJs/cyber_event_app/server/src/routes/user.routes.js
- /Users/mac/Projects/ReactJs/cyber_event_app/server/src/routes/protected.routes.js
- /Users/mac/Projects/ReactJs/cyber_event_app/server/src/routes/index.routes.js
- /Users/mac/Projects/ReactJs/cyber_event_app/server/index.js
Error: Cannot find module '../models/roles.model'
Require stack:
- /Users/mac/Projects/ReactJs/cyber_event_app/server/src/controllers/user.controller.js
- /Users/mac/Projects/ReactJs/cyber_event_app/server/src/routes/user.routes.js
- /Users/mac/Projects/ReactJs/cyber_event_app/server/src/routes/protected.routes.js
- /Users/mac/Projects/ReactJs/cyber_event_app/server/src/routes/index.routes.js
- /Users/mac/Projects/ReactJs/cyber_event_app/server/index.js
    at Module._resolveFilename (node:internal/modules/cjs/loader:1090:15)
    at Module._load (node:internal/modules/cjs/loader:934:27)
    at Module.require (node:internal/modules/cjs/loader:1157:19)
    at require (node:internal/modules/helpers:119:18)
    at Object.<anonymous> (/Users/mac/Projects/ReactJs/cyber_event_app/server/src/controllers/user.controller.js:7:15)
    at Module._compile (node:internal/modules/cjs/loader:1275:14)
    at Module._extensions..js (node:internal/modules/cjs/loader:1329:10)
    at Module.load (node:internal/modules/cjs/loader:1133:32)
    at Module._load (node:internal/modules/cjs/loader:972:12)
    at Module.require (node:internal/modules/cjs/loader:1157:19)
2025-01-21 21:26:36 [31merror[39m: uncaughtException: Cannot find module '../models/roles.model'
Require stack:
- /Users/mac/Projects/ReactJs/cyber_event_app/server/src/controllers/user.controller.js
- /Users/mac/Projects/ReactJs/cyber_event_app/server/src/routes/user.routes.js
- /Users/mac/Projects/ReactJs/cyber_event_app/server/src/routes/protected.routes.js
- /Users/mac/Projects/ReactJs/cyber_event_app/server/src/routes/index.routes.js
- /Users/mac/Projects/ReactJs/cyber_event_app/server/index.js
Error: Cannot find module '../models/roles.model'
Require stack:
- /Users/mac/Projects/ReactJs/cyber_event_app/server/src/controllers/user.controller.js
- /Users/mac/Projects/ReactJs/cyber_event_app/server/src/routes/user.routes.js
- /Users/mac/Projects/ReactJs/cyber_event_app/server/src/routes/protected.routes.js
- /Users/mac/Projects/ReactJs/cyber_event_app/server/src/routes/index.routes.js
- /Users/mac/Projects/ReactJs/cyber_event_app/server/index.js
    at Module._resolveFilename (node:internal/modules/cjs/loader:1090:15)
    at Module._load (node:internal/modules/cjs/loader:934:27)
    at Module.require (node:internal/modules/cjs/loader:1157:19)
    at require (node:internal/modules/helpers:119:18)
    at Object.<anonymous> (/Users/mac/Projects/ReactJs/cyber_event_app/server/src/controllers/user.controller.js:7:15)
    at Module._compile (node:internal/modules/cjs/loader:1275:14)
    at Module._extensions..js (node:internal/modules/cjs/loader:1329:10)
    at Module.load (node:internal/modules/cjs/loader:1133:32)
    at Module._load (node:internal/modules/cjs/loader:972:12)
    at Module.require (node:internal/modules/cjs/loader:1157:19)
2025-01-21 21:28:50 [31merror[39m: uncaughtException: Cannot find module '../models/user-subscriptions.model'
Require stack:
- /Users/mac/Projects/ReactJs/cyber_event_app/server/src/controllers/user.controller.js
- /Users/mac/Projects/ReactJs/cyber_event_app/server/src/routes/user.routes.js
- /Users/mac/Projects/ReactJs/cyber_event_app/server/src/routes/protected.routes.js
- /Users/mac/Projects/ReactJs/cyber_event_app/server/src/routes/index.routes.js
- /Users/mac/Projects/ReactJs/cyber_event_app/server/index.js
Error: Cannot find module '../models/user-subscriptions.model'
Require stack:
- /Users/mac/Projects/ReactJs/cyber_event_app/server/src/controllers/user.controller.js
- /Users/mac/Projects/ReactJs/cyber_event_app/server/src/routes/user.routes.js
- /Users/mac/Projects/ReactJs/cyber_event_app/server/src/routes/protected.routes.js
- /Users/mac/Projects/ReactJs/cyber_event_app/server/src/routes/index.routes.js
- /Users/mac/Projects/ReactJs/cyber_event_app/server/index.js
    at Module._resolveFilename (node:internal/modules/cjs/loader:1090:15)
    at Module._load (node:internal/modules/cjs/loader:934:27)
    at Module.require (node:internal/modules/cjs/loader:1157:19)
    at require (node:internal/modules/helpers:119:18)
    at Object.<anonymous> (/Users/mac/Projects/ReactJs/cyber_event_app/server/src/controllers/user.controller.js:8:26)
    at Module._compile (node:internal/modules/cjs/loader:1275:14)
    at Module._extensions..js (node:internal/modules/cjs/loader:1329:10)
    at Module.load (node:internal/modules/cjs/loader:1133:32)
    at Module._load (node:internal/modules/cjs/loader:972:12)
    at Module.require (node:internal/modules/cjs/loader:1157:19)
2025-01-21 21:29:12 [31merror[39m: uncaughtException: Cannot find module '../models/user-subscriptions.model'
Require stack:
- /Users/mac/Projects/ReactJs/cyber_event_app/server/src/controllers/user.controller.js
- /Users/mac/Projects/ReactJs/cyber_event_app/server/src/routes/user.routes.js
- /Users/mac/Projects/ReactJs/cyber_event_app/server/src/routes/protected.routes.js
- /Users/mac/Projects/ReactJs/cyber_event_app/server/src/routes/index.routes.js
- /Users/mac/Projects/ReactJs/cyber_event_app/server/index.js
Error: Cannot find module '../models/user-subscriptions.model'
Require stack:
- /Users/mac/Projects/ReactJs/cyber_event_app/server/src/controllers/user.controller.js
- /Users/mac/Projects/ReactJs/cyber_event_app/server/src/routes/user.routes.js
- /Users/mac/Projects/ReactJs/cyber_event_app/server/src/routes/protected.routes.js
- /Users/mac/Projects/ReactJs/cyber_event_app/server/src/routes/index.routes.js
- /Users/mac/Projects/ReactJs/cyber_event_app/server/index.js
    at Module._resolveFilename (node:internal/modules/cjs/loader:1090:15)
    at Module._load (node:internal/modules/cjs/loader:934:27)
    at Module.require (node:internal/modules/cjs/loader:1157:19)
    at require (node:internal/modules/helpers:119:18)
    at Object.<anonymous> (/Users/mac/Projects/ReactJs/cyber_event_app/server/src/controllers/user.controller.js:8:26)
    at Module._compile (node:internal/modules/cjs/loader:1275:14)
    at Module._extensions..js (node:internal/modules/cjs/loader:1329:10)
    at Module.load (node:internal/modules/cjs/loader:1133:32)
    at Module._load (node:internal/modules/cjs/loader:972:12)
    at Module.require (node:internal/modules/cjs/loader:1157:19)
2025-01-21 21:29:53 [31merror[39m: uncaughtException: Cannot find module '../models/user-subscriptions.model'
Require stack:
- /Users/mac/Projects/ReactJs/cyber_event_app/server/src/controllers/user.controller.js
- /Users/mac/Projects/ReactJs/cyber_event_app/server/src/routes/user.routes.js
- /Users/mac/Projects/ReactJs/cyber_event_app/server/src/routes/protected.routes.js
- /Users/mac/Projects/ReactJs/cyber_event_app/server/src/routes/index.routes.js
- /Users/mac/Projects/ReactJs/cyber_event_app/server/index.js
Error: Cannot find module '../models/user-subscriptions.model'
Require stack:
- /Users/mac/Projects/ReactJs/cyber_event_app/server/src/controllers/user.controller.js
- /Users/mac/Projects/ReactJs/cyber_event_app/server/src/routes/user.routes.js
- /Users/mac/Projects/ReactJs/cyber_event_app/server/src/routes/protected.routes.js
- /Users/mac/Projects/ReactJs/cyber_event_app/server/src/routes/index.routes.js
- /Users/mac/Projects/ReactJs/cyber_event_app/server/index.js
    at Module._resolveFilename (node:internal/modules/cjs/loader:1090:15)
    at Module._load (node:internal/modules/cjs/loader:934:27)
    at Module.require (node:internal/modules/cjs/loader:1157:19)
    at require (node:internal/modules/helpers:119:18)
    at Object.<anonymous> (/Users/mac/Projects/ReactJs/cyber_event_app/server/src/controllers/user.controller.js:8:26)
    at Module._compile (node:internal/modules/cjs/loader:1275:14)
    at Module._extensions..js (node:internal/modules/cjs/loader:1329:10)
    at Module.load (node:internal/modules/cjs/loader:1133:32)
    at Module._load (node:internal/modules/cjs/loader:972:12)
    at Module.require (node:internal/modules/cjs/loader:1157:19)
2025-01-21 21:30:02 [31merror[39m: uncaughtException: Cannot find module '../models/user-subscriptions.model'
Require stack:
- /Users/mac/Projects/ReactJs/cyber_event_app/server/src/controllers/user.controller.js
- /Users/mac/Projects/ReactJs/cyber_event_app/server/src/routes/user.routes.js
- /Users/mac/Projects/ReactJs/cyber_event_app/server/src/routes/protected.routes.js
- /Users/mac/Projects/ReactJs/cyber_event_app/server/src/routes/index.routes.js
- /Users/mac/Projects/ReactJs/cyber_event_app/server/index.js
Error: Cannot find module '../models/user-subscriptions.model'
Require stack:
- /Users/mac/Projects/ReactJs/cyber_event_app/server/src/controllers/user.controller.js
- /Users/mac/Projects/ReactJs/cyber_event_app/server/src/routes/user.routes.js
- /Users/mac/Projects/ReactJs/cyber_event_app/server/src/routes/protected.routes.js
- /Users/mac/Projects/ReactJs/cyber_event_app/server/src/routes/index.routes.js
- /Users/mac/Projects/ReactJs/cyber_event_app/server/index.js
    at Module._resolveFilename (node:internal/modules/cjs/loader:1090:15)
    at Module._load (node:internal/modules/cjs/loader:934:27)
    at Module.require (node:internal/modules/cjs/loader:1157:19)
    at require (node:internal/modules/helpers:119:18)
    at Object.<anonymous> (/Users/mac/Projects/ReactJs/cyber_event_app/server/src/controllers/user.controller.js:8:26)
    at Module._compile (node:internal/modules/cjs/loader:1275:14)
    at Module._extensions..js (node:internal/modules/cjs/loader:1329:10)
    at Module.load (node:internal/modules/cjs/loader:1133:32)
    at Module._load (node:internal/modules/cjs/loader:972:12)
    at Module.require (node:internal/modules/cjs/loader:1157:19)
2025-01-21 21:30:19 [31merror[39m: uncaughtException: Cannot find module './user-subscription.routes'
Require stack:
- /Users/mac/Projects/ReactJs/cyber_event_app/server/src/routes/user.routes.js
- /Users/mac/Projects/ReactJs/cyber_event_app/server/src/routes/protected.routes.js
- /Users/mac/Projects/ReactJs/cyber_event_app/server/src/routes/index.routes.js
- /Users/mac/Projects/ReactJs/cyber_event_app/server/index.js
Error: Cannot find module './user-subscription.routes'
Require stack:
- /Users/mac/Projects/ReactJs/cyber_event_app/server/src/routes/user.routes.js
- /Users/mac/Projects/ReactJs/cyber_event_app/server/src/routes/protected.routes.js
- /Users/mac/Projects/ReactJs/cyber_event_app/server/src/routes/index.routes.js
- /Users/mac/Projects/ReactJs/cyber_event_app/server/index.js
    at Module._resolveFilename (node:internal/modules/cjs/loader:1090:15)
    at Module._load (node:internal/modules/cjs/loader:934:27)
    at Module.require (node:internal/modules/cjs/loader:1157:19)
    at require (node:internal/modules/helpers:119:18)
    at Object.<anonymous> (/Users/mac/Projects/ReactJs/cyber_event_app/server/src/routes/user.routes.js:15:29)
    at Module._compile (node:internal/modules/cjs/loader:1275:14)
    at Module._extensions..js (node:internal/modules/cjs/loader:1329:10)
    at Module.load (node:internal/modules/cjs/loader:1133:32)
    at Module._load (node:internal/modules/cjs/loader:972:12)
    at Module.require (node:internal/modules/cjs/loader:1157:19)
2025-01-21 21:30:28 [31merror[39m: uncaughtException: Route.post() requires a callback function but got a [object Undefined]
Error: Route.post() requires a callback function but got a [object Undefined]
    at Route.<computed> [as post] (/Users/mac/Projects/ReactJs/cyber_event_app/server/node_modules/express/lib/router/route.js:216:15)
    at proto.<computed> [as post] (/Users/mac/Projects/ReactJs/cyber_event_app/server/node_modules/express/lib/router/index.js:521:19)
    at Object.<anonymous> (/Users/mac/Projects/ReactJs/cyber_event_app/server/src/routes/user.routes.js:19:8)
    at Module._compile (node:internal/modules/cjs/loader:1275:14)
    at Module._extensions..js (node:internal/modules/cjs/loader:1329:10)
    at Module.load (node:internal/modules/cjs/loader:1133:32)
    at Module._load (node:internal/modules/cjs/loader:972:12)
    at Module.require (node:internal/modules/cjs/loader:1157:19)
    at require (node:internal/modules/helpers:119:18)
    at Object.<anonymous> (/Users/mac/Projects/ReactJs/cyber_event_app/server/src/routes/protected.routes.js:4:31)
2025-01-21 21:30:30 [31merror[39m: uncaughtException: Route.post() requires a callback function but got a [object Undefined]
Error: Route.post() requires a callback function but got a [object Undefined]
    at Route.<computed> [as post] (/Users/mac/Projects/ReactJs/cyber_event_app/server/node_modules/express/lib/router/route.js:216:15)
    at proto.<computed> [as post] (/Users/mac/Projects/ReactJs/cyber_event_app/server/node_modules/express/lib/router/index.js:521:19)
    at Object.<anonymous> (/Users/mac/Projects/ReactJs/cyber_event_app/server/src/routes/user.routes.js:19:8)
    at Module._compile (node:internal/modules/cjs/loader:1275:14)
    at Module._extensions..js (node:internal/modules/cjs/loader:1329:10)
    at Module.load (node:internal/modules/cjs/loader:1133:32)
    at Module._load (node:internal/modules/cjs/loader:972:12)
    at Module.require (node:internal/modules/cjs/loader:1157:19)
    at require (node:internal/modules/helpers:119:18)
    at Object.<anonymous> (/Users/mac/Projects/ReactJs/cyber_event_app/server/src/routes/protected.routes.js:4:31)
2025-01-21 21:30:45 [31merror[39m: uncaughtException: Cannot find module './setting.routes'
Require stack:
- /Users/mac/Projects/ReactJs/cyber_event_app/server/src/routes/protected.routes.js
- /Users/mac/Projects/ReactJs/cyber_event_app/server/src/routes/index.routes.js
- /Users/mac/Projects/ReactJs/cyber_event_app/server/index.js
Error: Cannot find module './setting.routes'
Require stack:
- /Users/mac/Projects/ReactJs/cyber_event_app/server/src/routes/protected.routes.js
- /Users/mac/Projects/ReactJs/cyber_event_app/server/src/routes/index.routes.js
- /Users/mac/Projects/ReactJs/cyber_event_app/server/index.js
    at Module._resolveFilename (node:internal/modules/cjs/loader:1090:15)
    at Module._load (node:internal/modules/cjs/loader:934:27)
    at Module.require (node:internal/modules/cjs/loader:1157:19)
    at require (node:internal/modules/helpers:119:18)
    at Object.<anonymous> (/Users/mac/Projects/ReactJs/cyber_event_app/server/src/routes/protected.routes.js:5:24)
    at Module._compile (node:internal/modules/cjs/loader:1275:14)
    at Module._extensions..js (node:internal/modules/cjs/loader:1329:10)
    at Module.load (node:internal/modules/cjs/loader:1133:32)
    at Module._load (node:internal/modules/cjs/loader:972:12)
    at Module.require (node:internal/modules/cjs/loader:1157:19)
2025-01-21 21:30:49 [31merror[39m: uncaughtException: Cannot find module './setting.routes'
Require stack:
- /Users/mac/Projects/ReactJs/cyber_event_app/server/src/routes/protected.routes.js
- /Users/mac/Projects/ReactJs/cyber_event_app/server/src/routes/index.routes.js
- /Users/mac/Projects/ReactJs/cyber_event_app/server/index.js
Error: Cannot find module './setting.routes'
Require stack:
- /Users/mac/Projects/ReactJs/cyber_event_app/server/src/routes/protected.routes.js
- /Users/mac/Projects/ReactJs/cyber_event_app/server/src/routes/index.routes.js
- /Users/mac/Projects/ReactJs/cyber_event_app/server/index.js
    at Module._resolveFilename (node:internal/modules/cjs/loader:1090:15)
    at Module._load (node:internal/modules/cjs/loader:934:27)
    at Module.require (node:internal/modules/cjs/loader:1157:19)
    at require (node:internal/modules/helpers:119:18)
    at Object.<anonymous> (/Users/mac/Projects/ReactJs/cyber_event_app/server/src/routes/protected.routes.js:5:24)
    at Module._compile (node:internal/modules/cjs/loader:1275:14)
    at Module._extensions..js (node:internal/modules/cjs/loader:1329:10)
    at Module.load (node:internal/modules/cjs/loader:1133:32)
    at Module._load (node:internal/modules/cjs/loader:972:12)
    at Module.require (node:internal/modules/cjs/loader:1157:19)
2025-01-21 21:31:21 [31merror[39m: uncaughtException: Cannot find module './events.routes'
Require stack:
- /Users/mac/Projects/ReactJs/cyber_event_app/server/src/routes/protected.routes.js
- /Users/mac/Projects/ReactJs/cyber_event_app/server/src/routes/index.routes.js
- /Users/mac/Projects/ReactJs/cyber_event_app/server/index.js
Error: Cannot find module './events.routes'
Require stack:
- /Users/mac/Projects/ReactJs/cyber_event_app/server/src/routes/protected.routes.js
- /Users/mac/Projects/ReactJs/cyber_event_app/server/src/routes/index.routes.js
- /Users/mac/Projects/ReactJs/cyber_event_app/server/index.js
    at Module._resolveFilename (node:internal/modules/cjs/loader:1090:15)
    at Module._load (node:internal/modules/cjs/loader:934:27)
    at Module.require (node:internal/modules/cjs/loader:1157:19)
    at require (node:internal/modules/helpers:119:18)
    at Object.<anonymous> (/Users/mac/Projects/ReactJs/cyber_event_app/server/src/routes/protected.routes.js:5:33)
    at Module._compile (node:internal/modules/cjs/loader:1275:14)
    at Module._extensions..js (node:internal/modules/cjs/loader:1329:10)
    at Module.load (node:internal/modules/cjs/loader:1133:32)
    at Module._load (node:internal/modules/cjs/loader:972:12)
    at Module.require (node:internal/modules/cjs/loader:1157:19)
2025-01-21 21:31:29 [31merror[39m: uncaughtException: Router.use() requires a middleware function but got a Object
TypeError: Router.use() requires a middleware function but got a Object
    at Function.use (/Users/mac/Projects/ReactJs/cyber_event_app/server/node_modules/express/lib/router/index.js:469:13)
    at Object.<anonymous> (/Users/mac/Projects/ReactJs/cyber_event_app/server/src/routes/protected.routes.js:5:8)
    at Module._compile (node:internal/modules/cjs/loader:1275:14)
    at Module._extensions..js (node:internal/modules/cjs/loader:1329:10)
    at Module.load (node:internal/modules/cjs/loader:1133:32)
    at Module._load (node:internal/modules/cjs/loader:972:12)
    at Module.require (node:internal/modules/cjs/loader:1157:19)
    at require (node:internal/modules/helpers:119:18)
    at Object.<anonymous> (/Users/mac/Projects/ReactJs/cyber_event_app/server/src/routes/index.routes.js:8:35)
    at Module._compile (node:internal/modules/cjs/loader:1275:14)
2025-01-21 21:31:34 [31merror[39m: uncaughtException: Router.use() requires a middleware function but got a Object
TypeError: Router.use() requires a middleware function but got a Object
    at Function.use (/Users/mac/Projects/ReactJs/cyber_event_app/server/node_modules/express/lib/router/index.js:469:13)
    at Object.<anonymous> (/Users/mac/Projects/ReactJs/cyber_event_app/server/src/routes/protected.routes.js:5:8)
    at Module._compile (node:internal/modules/cjs/loader:1275:14)
    at Module._extensions..js (node:internal/modules/cjs/loader:1329:10)
    at Module.load (node:internal/modules/cjs/loader:1133:32)
    at Module._load (node:internal/modules/cjs/loader:972:12)
    at Module.require (node:internal/modules/cjs/loader:1157:19)
    at require (node:internal/modules/helpers:119:18)
    at Object.<anonymous> (/Users/mac/Projects/ReactJs/cyber_event_app/server/src/routes/index.routes.js:8:35)
    at Module._compile (node:internal/modules/cjs/loader:1275:14)
2025-01-21 21:31:39 [31merror[39m: uncaughtException: Router.use() requires a middleware function but got a Object
TypeError: Router.use() requires a middleware function but got a Object
    at Function.use (/Users/mac/Projects/ReactJs/cyber_event_app/server/node_modules/express/lib/router/index.js:469:13)
    at Object.<anonymous> (/Users/mac/Projects/ReactJs/cyber_event_app/server/src/routes/protected.routes.js:5:8)
    at Module._compile (node:internal/modules/cjs/loader:1275:14)
    at Module._extensions..js (node:internal/modules/cjs/loader:1329:10)
    at Module.load (node:internal/modules/cjs/loader:1133:32)
    at Module._load (node:internal/modules/cjs/loader:972:12)
    at Module.require (node:internal/modules/cjs/loader:1157:19)
    at require (node:internal/modules/helpers:119:18)
    at Object.<anonymous> (/Users/mac/Projects/ReactJs/cyber_event_app/server/src/routes/index.routes.js:8:35)
    at Module._compile (node:internal/modules/cjs/loader:1275:14)
2025-01-21 22:45:07 [31merror[39m: uncaughtException: Cannot find module 'bcryptjs'
Require stack:
- /Users/mac/Projects/ReactJs/cyber_event_app/server/src/models/user.model.js
- /Users/mac/Projects/ReactJs/cyber_event_app/server/src/middlewares/validate-token.js
- /Users/mac/Projects/ReactJs/cyber_event_app/server/src/routes/index.routes.js
- /Users/mac/Projects/ReactJs/cyber_event_app/server/index.js
Error: Cannot find module 'bcryptjs'
Require stack:
- /Users/mac/Projects/ReactJs/cyber_event_app/server/src/models/user.model.js
- /Users/mac/Projects/ReactJs/cyber_event_app/server/src/middlewares/validate-token.js
- /Users/mac/Projects/ReactJs/cyber_event_app/server/src/routes/index.routes.js
- /Users/mac/Projects/ReactJs/cyber_event_app/server/index.js
    at Module._resolveFilename (node:internal/modules/cjs/loader:1090:15)
    at Module._load (node:internal/modules/cjs/loader:934:27)
    at Module.require (node:internal/modules/cjs/loader:1157:19)
    at require (node:internal/modules/helpers:119:18)
    at Object.<anonymous> (/Users/mac/Projects/ReactJs/cyber_event_app/server/src/models/user.model.js:2:16)
    at Module._compile (node:internal/modules/cjs/loader:1275:14)
    at Module._extensions..js (node:internal/modules/cjs/loader:1329:10)
    at Module.load (node:internal/modules/cjs/loader:1133:32)
    at Module._load (node:internal/modules/cjs/loader:972:12)
    at Module.require (node:internal/modules/cjs/loader:1157:19)
2025-01-21 23:34:27 [31merror[39m: uncaughtException: (firstName + lastName).toLowerCase is not a function
TypeError: (firstName + lastName).toLowerCase is not a function
    at register (/Users/mac/Projects/ReactJs/cyber_event_app/server/src/controllers/auth.controller.js:126:28)
2025-01-21 23:41:26 [31merror[39m: uncaughtException: Unexpected token ','
/Users/mac/Projects/ReactJs/cyber_event_app/server/src/controllers/auth.controller.js:62
      data: ,
            ^

SyntaxError: Unexpected token ','
    at internalCompileFunction (node:internal/vm:73:18)
    at wrapSafe (node:internal/modules/cjs/loader:1195:20)
    at Module._compile (node:internal/modules/cjs/loader:1239:27)
    at Module._extensions..js (node:internal/modules/cjs/loader:1329:10)
    at Module.load (node:internal/modules/cjs/loader:1133:32)
    at Module._load (node:internal/modules/cjs/loader:972:12)
    at Module.require (node:internal/modules/cjs/loader:1157:19)
    at require (node:internal/modules/helpers:119:18)
    at Object.<anonymous> (/Users/mac/Projects/ReactJs/cyber_event_app/server/src/routes/auth.routes.js:7:5)
    at Module._compile (node:internal/modules/cjs/loader:1275:14)
